<?xml version="1.0" encoding="UTF-8"?>
<coverage generated="1754120710432" clover="3.2.0">
  <project timestamp="1754120710433" name="All files">
    <metrics statements="5" coveredstatements="5" conditionals="14" coveredconditionals="14" methods="1" coveredmethods="1" elements="20" coveredelements="20" complexity="0" loc="5" ncloc="5" packages="1" files="1" classes="1"/>
    <file name="triangle.js" path="/Users/taratipsuwannasart/Documents/triangle-project/triangle.js">
      <metrics statements="5" coveredstatements="5" conditionals="14" coveredconditionals="14" methods="1" coveredmethods="1"/>
      <line num="2" count="4" type="cond" truecount="5" falsecount="0"/>
      <line num="3" count="3" type="cond" truecount="4" falsecount="0"/>
      <line num="4" count="2" type="cond" truecount="5" falsecount="0"/>
      <line num="5" count="1" type="stmt"/>
      <line num="8" count="1" type="stmt"/>
    </file>
  </project>
</coverage>
